<?xml version="1.0" encoding="UTF-8"?>
<testsuite xmlns:xsi="http://www.w3.org/2001/XMLSchema-instance" xsi:noNamespaceSchemaLocation="https://maven.apache.org/surefire/maven-surefire-plugin/xsd/surefire-test-report.xsd" name="tests.Test_Coupons" time="982.287" tests="2" errors="1" skipped="0" failures="1">
  <properties>
    <property name="sun.desktop" value="gnome"/>
    <property name="awt.toolkit" value="sun.awt.X11.XToolkit"/>
    <property name="file.encoding.pkg" value="sun.io"/>
    <property name="java.specification.version" value="1.8"/>
    <property name="sun.cpu.isalist" value=""/>
    <property name="sun.jnu.encoding" value="UTF-8"/>
    <property name="java.class.path" value="/home/hasher/eclipse-workspace/Scorz_Automation/automation/target/test-classes:/home/hasher/eclipse-workspace/Scorz_Automation/automation/target/classes:/home/hasher/.m2/repository/junit/junit/4.11/junit-4.11.jar:/home/hasher/.m2/repository/org/hamcrest/hamcrest-core/1.3/hamcrest-core-1.3.jar:/home/hasher/.m2/repository/org/seleniumhq/selenium/selenium-java/3.141.59/selenium-java-3.141.59.jar:/home/hasher/.m2/repository/org/seleniumhq/selenium/selenium-api/3.141.59/selenium-api-3.141.59.jar:/home/hasher/.m2/repository/org/seleniumhq/selenium/selenium-chrome-driver/3.141.59/selenium-chrome-driver-3.141.59.jar:/home/hasher/.m2/repository/org/seleniumhq/selenium/selenium-edge-driver/3.141.59/selenium-edge-driver-3.141.59.jar:/home/hasher/.m2/repository/org/seleniumhq/selenium/selenium-firefox-driver/3.141.59/selenium-firefox-driver-3.141.59.jar:/home/hasher/.m2/repository/org/seleniumhq/selenium/selenium-ie-driver/3.141.59/selenium-ie-driver-3.141.59.jar:/home/hasher/.m2/repository/org/seleniumhq/selenium/selenium-opera-driver/3.141.59/selenium-opera-driver-3.141.59.jar:/home/hasher/.m2/repository/org/seleniumhq/selenium/selenium-remote-driver/3.141.59/selenium-remote-driver-3.141.59.jar:/home/hasher/.m2/repository/org/seleniumhq/selenium/selenium-safari-driver/3.141.59/selenium-safari-driver-3.141.59.jar:/home/hasher/.m2/repository/org/seleniumhq/selenium/selenium-support/3.141.59/selenium-support-3.141.59.jar:/home/hasher/.m2/repository/net/bytebuddy/byte-buddy/1.8.15/byte-buddy-1.8.15.jar:/home/hasher/.m2/repository/org/apache/commons/commons-exec/1.3/commons-exec-1.3.jar:/home/hasher/.m2/repository/com/google/guava/guava/25.0-jre/guava-25.0-jre.jar:/home/hasher/.m2/repository/com/google/code/findbugs/jsr305/1.3.9/jsr305-1.3.9.jar:/home/hasher/.m2/repository/org/checkerframework/checker-compat-qual/2.0.0/checker-compat-qual-2.0.0.jar:/home/hasher/.m2/repository/com/google/errorprone/error_prone_annotations/2.1.3/error_prone_annotations-2.1.3.jar:/home/hasher/.m2/repository/com/google/j2objc/j2objc-annotations/1.1/j2objc-annotations-1.1.jar:/home/hasher/.m2/repository/org/codehaus/mojo/animal-sniffer-annotations/1.14/animal-sniffer-annotations-1.14.jar:/home/hasher/.m2/repository/com/squareup/okhttp3/okhttp/3.11.0/okhttp-3.11.0.jar:/home/hasher/.m2/repository/com/squareup/okio/okio/1.14.0/okio-1.14.0.jar:/home/hasher/.m2/repository/io/appium/java-client/7.0.0/java-client-7.0.0.jar:/home/hasher/.m2/repository/com/google/code/gson/gson/2.8.5/gson-2.8.5.jar:/home/hasher/.m2/repository/org/apache/httpcomponents/httpclient/4.5.6/httpclient-4.5.6.jar:/home/hasher/.m2/repository/org/apache/httpcomponents/httpcore/4.4.10/httpcore-4.4.10.jar:/home/hasher/.m2/repository/commons-logging/commons-logging/1.2/commons-logging-1.2.jar:/home/hasher/.m2/repository/commons-codec/commons-codec/1.10/commons-codec-1.10.jar:/home/hasher/.m2/repository/cglib/cglib/3.2.8/cglib-3.2.8.jar:/home/hasher/.m2/repository/org/ow2/asm/asm/6.2.1/asm-6.2.1.jar:/home/hasher/.m2/repository/org/apache/ant/ant/1.10.3/ant-1.10.3.jar:/home/hasher/.m2/repository/org/apache/ant/ant-launcher/1.10.3/ant-launcher-1.10.3.jar:/home/hasher/.m2/repository/commons-validator/commons-validator/1.6/commons-validator-1.6.jar:/home/hasher/.m2/repository/commons-beanutils/commons-beanutils/1.9.2/commons-beanutils-1.9.2.jar:/home/hasher/.m2/repository/commons-digester/commons-digester/1.8.1/commons-digester-1.8.1.jar:/home/hasher/.m2/repository/commons-collections/commons-collections/3.2.2/commons-collections-3.2.2.jar:/home/hasher/.m2/repository/org/apache/commons/commons-lang3/3.8/commons-lang3-3.8.jar:/home/hasher/.m2/repository/commons-io/commons-io/2.6/commons-io-2.6.jar:/home/hasher/.m2/repository/org/springframework/spring-context/5.1.0.RELEASE/spring-context-5.1.0.RELEASE.jar:/home/hasher/.m2/repository/org/springframework/spring-aop/5.1.0.RELEASE/spring-aop-5.1.0.RELEASE.jar:/home/hasher/.m2/repository/org/springframework/spring-beans/5.1.0.RELEASE/spring-beans-5.1.0.RELEASE.jar:/home/hasher/.m2/repository/org/springframework/spring-core/5.1.0.RELEASE/spring-core-5.1.0.RELEASE.jar:/home/hasher/.m2/repository/org/springframework/spring-jcl/5.1.0.RELEASE/spring-jcl-5.1.0.RELEASE.jar:/home/hasher/.m2/repository/org/springframework/spring-expression/5.1.0.RELEASE/spring-expression-5.1.0.RELEASE.jar:/home/hasher/.m2/repository/org/aspectj/aspectjweaver/1.9.1/aspectjweaver-1.9.1.jar:/home/hasher/.m2/repository/org/slf4j/slf4j-api/1.7.25/slf4j-api-1.7.25.jar:/home/hasher/.m2/repository/com/relevantcodes/extentreports/2.41.2/extentreports-2.41.2.jar:/home/hasher/.m2/repository/org/jsoup/jsoup/1.8.3/jsoup-1.8.3.jar:/home/hasher/.m2/repository/org/xerial/sqlite-jdbc/3.8.11.1/sqlite-jdbc-3.8.11.1.jar:/home/hasher/.m2/repository/org/freemarker/freemarker/2.3.23/freemarker-2.3.23.jar:/home/hasher/.m2/repository/org/mongodb/mongodb-driver/3.0.4/mongodb-driver-3.0.4.jar:/home/hasher/.m2/repository/org/mongodb/bson/3.0.4/bson-3.0.4.jar:/home/hasher/.m2/repository/org/mongodb/mongodb-driver-core/3.0.4/mongodb-driver-core-3.0.4.jar:"/>
    <property name="java.vm.vendor" value="Private Build"/>
    <property name="sun.arch.data.model" value="64"/>
    <property name="java.vendor.url" value="http://java.oracle.com/"/>
    <property name="user.timezone" value=""/>
    <property name="java.vm.specification.version" value="1.8"/>
    <property name="os.name" value="Linux"/>
    <property name="user.country" value="IN"/>
    <property name="sun.java.launcher" value="SUN_STANDARD"/>
    <property name="sun.boot.library.path" value="/usr/lib/jvm/java-8-openjdk-amd64/jre/lib/amd64"/>
    <property name="sun.java.command" value="/home/hasher/eclipse-workspace/Scorz_Automation/automation/target/surefire/surefirebooter8021503577941666291.jar /home/hasher/eclipse-workspace/Scorz_Automation/automation/target/surefire 2020-06-29T14-20-26_131-jvmRun1 surefire6185605508916657673tmp surefire_07698548970480072718tmp"/>
    <property name="test" value="Test_Coupons"/>
    <property name="surefire.test.class.path" value="/home/hasher/eclipse-workspace/Scorz_Automation/automation/target/test-classes:/home/hasher/eclipse-workspace/Scorz_Automation/automation/target/classes:/home/hasher/.m2/repository/junit/junit/4.11/junit-4.11.jar:/home/hasher/.m2/repository/org/hamcrest/hamcrest-core/1.3/hamcrest-core-1.3.jar:/home/hasher/.m2/repository/org/seleniumhq/selenium/selenium-java/3.141.59/selenium-java-3.141.59.jar:/home/hasher/.m2/repository/org/seleniumhq/selenium/selenium-api/3.141.59/selenium-api-3.141.59.jar:/home/hasher/.m2/repository/org/seleniumhq/selenium/selenium-chrome-driver/3.141.59/selenium-chrome-driver-3.141.59.jar:/home/hasher/.m2/repository/org/seleniumhq/selenium/selenium-edge-driver/3.141.59/selenium-edge-driver-3.141.59.jar:/home/hasher/.m2/repository/org/seleniumhq/selenium/selenium-firefox-driver/3.141.59/selenium-firefox-driver-3.141.59.jar:/home/hasher/.m2/repository/org/seleniumhq/selenium/selenium-ie-driver/3.141.59/selenium-ie-driver-3.141.59.jar:/home/hasher/.m2/repository/org/seleniumhq/selenium/selenium-opera-driver/3.141.59/selenium-opera-driver-3.141.59.jar:/home/hasher/.m2/repository/org/seleniumhq/selenium/selenium-remote-driver/3.141.59/selenium-remote-driver-3.141.59.jar:/home/hasher/.m2/repository/org/seleniumhq/selenium/selenium-safari-driver/3.141.59/selenium-safari-driver-3.141.59.jar:/home/hasher/.m2/repository/org/seleniumhq/selenium/selenium-support/3.141.59/selenium-support-3.141.59.jar:/home/hasher/.m2/repository/net/bytebuddy/byte-buddy/1.8.15/byte-buddy-1.8.15.jar:/home/hasher/.m2/repository/org/apache/commons/commons-exec/1.3/commons-exec-1.3.jar:/home/hasher/.m2/repository/com/google/guava/guava/25.0-jre/guava-25.0-jre.jar:/home/hasher/.m2/repository/com/google/code/findbugs/jsr305/1.3.9/jsr305-1.3.9.jar:/home/hasher/.m2/repository/org/checkerframework/checker-compat-qual/2.0.0/checker-compat-qual-2.0.0.jar:/home/hasher/.m2/repository/com/google/errorprone/error_prone_annotations/2.1.3/error_prone_annotations-2.1.3.jar:/home/hasher/.m2/repository/com/google/j2objc/j2objc-annotations/1.1/j2objc-annotations-1.1.jar:/home/hasher/.m2/repository/org/codehaus/mojo/animal-sniffer-annotations/1.14/animal-sniffer-annotations-1.14.jar:/home/hasher/.m2/repository/com/squareup/okhttp3/okhttp/3.11.0/okhttp-3.11.0.jar:/home/hasher/.m2/repository/com/squareup/okio/okio/1.14.0/okio-1.14.0.jar:/home/hasher/.m2/repository/io/appium/java-client/7.0.0/java-client-7.0.0.jar:/home/hasher/.m2/repository/com/google/code/gson/gson/2.8.5/gson-2.8.5.jar:/home/hasher/.m2/repository/org/apache/httpcomponents/httpclient/4.5.6/httpclient-4.5.6.jar:/home/hasher/.m2/repository/org/apache/httpcomponents/httpcore/4.4.10/httpcore-4.4.10.jar:/home/hasher/.m2/repository/commons-logging/commons-logging/1.2/commons-logging-1.2.jar:/home/hasher/.m2/repository/commons-codec/commons-codec/1.10/commons-codec-1.10.jar:/home/hasher/.m2/repository/cglib/cglib/3.2.8/cglib-3.2.8.jar:/home/hasher/.m2/repository/org/ow2/asm/asm/6.2.1/asm-6.2.1.jar:/home/hasher/.m2/repository/org/apache/ant/ant/1.10.3/ant-1.10.3.jar:/home/hasher/.m2/repository/org/apache/ant/ant-launcher/1.10.3/ant-launcher-1.10.3.jar:/home/hasher/.m2/repository/commons-validator/commons-validator/1.6/commons-validator-1.6.jar:/home/hasher/.m2/repository/commons-beanutils/commons-beanutils/1.9.2/commons-beanutils-1.9.2.jar:/home/hasher/.m2/repository/commons-digester/commons-digester/1.8.1/commons-digester-1.8.1.jar:/home/hasher/.m2/repository/commons-collections/commons-collections/3.2.2/commons-collections-3.2.2.jar:/home/hasher/.m2/repository/org/apache/commons/commons-lang3/3.8/commons-lang3-3.8.jar:/home/hasher/.m2/repository/commons-io/commons-io/2.6/commons-io-2.6.jar:/home/hasher/.m2/repository/org/springframework/spring-context/5.1.0.RELEASE/spring-context-5.1.0.RELEASE.jar:/home/hasher/.m2/repository/org/springframework/spring-aop/5.1.0.RELEASE/spring-aop-5.1.0.RELEASE.jar:/home/hasher/.m2/repository/org/springframework/spring-beans/5.1.0.RELEASE/spring-beans-5.1.0.RELEASE.jar:/home/hasher/.m2/repository/org/springframework/spring-core/5.1.0.RELEASE/spring-core-5.1.0.RELEASE.jar:/home/hasher/.m2/repository/org/springframework/spring-jcl/5.1.0.RELEASE/spring-jcl-5.1.0.RELEASE.jar:/home/hasher/.m2/repository/org/springframework/spring-expression/5.1.0.RELEASE/spring-expression-5.1.0.RELEASE.jar:/home/hasher/.m2/repository/org/aspectj/aspectjweaver/1.9.1/aspectjweaver-1.9.1.jar:/home/hasher/.m2/repository/org/slf4j/slf4j-api/1.7.25/slf4j-api-1.7.25.jar:/home/hasher/.m2/repository/com/relevantcodes/extentreports/2.41.2/extentreports-2.41.2.jar:/home/hasher/.m2/repository/org/jsoup/jsoup/1.8.3/jsoup-1.8.3.jar:/home/hasher/.m2/repository/org/xerial/sqlite-jdbc/3.8.11.1/sqlite-jdbc-3.8.11.1.jar:/home/hasher/.m2/repository/org/freemarker/freemarker/2.3.23/freemarker-2.3.23.jar:/home/hasher/.m2/repository/org/mongodb/mongodb-driver/3.0.4/mongodb-driver-3.0.4.jar:/home/hasher/.m2/repository/org/mongodb/bson/3.0.4/bson-3.0.4.jar:/home/hasher/.m2/repository/org/mongodb/mongodb-driver-core/3.0.4/mongodb-driver-core-3.0.4.jar:"/>
    <property name="sun.cpu.endian" value="little"/>
    <property name="user.home" value="/home/hasher"/>
    <property name="user.language" value="en"/>
    <property name="java.specification.vendor" value="Oracle Corporation"/>
    <property name="java.home" value="/usr/lib/jvm/java-8-openjdk-amd64/jre"/>
    <property name="basedir" value="/home/hasher/eclipse-workspace/Scorz_Automation/automation"/>
    <property name="file.separator" value="/"/>
    <property name="line.separator" value="&#10;"/>
    <property name="java.vm.specification.vendor" value="Oracle Corporation"/>
    <property name="java.specification.name" value="Java Platform API Specification"/>
    <property name="java.awt.graphicsenv" value="sun.awt.X11GraphicsEnvironment"/>
    <property name="surefire.real.class.path" value="/home/hasher/eclipse-workspace/Scorz_Automation/automation/target/surefire/surefirebooter8021503577941666291.jar"/>
    <property name="sun.boot.class.path" value="/usr/lib/jvm/java-8-openjdk-amd64/jre/lib/resources.jar:/usr/lib/jvm/java-8-openjdk-amd64/jre/lib/rt.jar:/usr/lib/jvm/java-8-openjdk-amd64/jre/lib/sunrsasign.jar:/usr/lib/jvm/java-8-openjdk-amd64/jre/lib/jsse.jar:/usr/lib/jvm/java-8-openjdk-amd64/jre/lib/jce.jar:/usr/lib/jvm/java-8-openjdk-amd64/jre/lib/charsets.jar:/usr/lib/jvm/java-8-openjdk-amd64/jre/lib/jfr.jar:/usr/lib/jvm/java-8-openjdk-amd64/jre/classes"/>
    <property name="sun.management.compiler" value="HotSpot 64-Bit Tiered Compilers"/>
    <property name="java.runtime.version" value="1.8.0_252-8u252-b09-1~18.04-b09"/>
    <property name="user.name" value="hasher"/>
    <property name="path.separator" value=":"/>
    <property name="os.version" value="5.3.0-46-generic"/>
    <property name="java.endorsed.dirs" value="/usr/lib/jvm/java-8-openjdk-amd64/jre/lib/endorsed"/>
    <property name="java.runtime.name" value="OpenJDK Runtime Environment"/>
    <property name="file.encoding" value="UTF-8"/>
    <property name="java.vm.name" value="OpenJDK 64-Bit Server VM"/>
    <property name="localRepository" value="/home/hasher/.m2/repository"/>
    <property name="java.vendor.url.bug" value="http://bugreport.sun.com/bugreport/"/>
    <property name="java.io.tmpdir" value="/tmp"/>
    <property name="java.version" value="1.8.0_252"/>
    <property name="user.dir" value="/home/hasher/eclipse-workspace/Scorz_Automation/automation"/>
    <property name="os.arch" value="amd64"/>
    <property name="java.vm.specification.name" value="Java Virtual Machine Specification"/>
    <property name="java.awt.printerjob" value="sun.print.PSPrinterJob"/>
    <property name="sun.os.patch.level" value="unknown"/>
    <property name="java.library.path" value="/usr/java/packages/lib/amd64:/usr/lib/x86_64-linux-gnu/jni:/lib/x86_64-linux-gnu:/usr/lib/x86_64-linux-gnu:/usr/lib/jni:/lib:/usr/lib"/>
    <property name="java.vm.info" value="mixed mode"/>
    <property name="java.vendor" value="Private Build"/>
    <property name="java.vm.version" value="25.252-b09"/>
    <property name="java.ext.dirs" value="/usr/lib/jvm/java-8-openjdk-amd64/jre/lib/ext:/usr/java/packages/lib/ext"/>
    <property name="sun.io.unicode.encoding" value="UnicodeLittle"/>
    <property name="java.class.version" value="52.0"/>
  </properties>
  <testcase name="coupontest" classname="tests.Test_Coupons" time="334.289">
    <failure type="java.lang.AssertionError">java.lang.AssertionError
	at tests.Test_Coupons.coupontest(Test_Coupons.java:95)
</failure>
    <system-out><![CDATA[//android.widget.Button[@text='Next']
xpath
//android.widget.Button[@text='Next']
Locator is identified - XPath
//android.widget.Button[@text='Next']
xpath
//android.widget.Button[@text='Next']
Locator is identified - XPath
//android.widget.Button[@text='Get Started']
xpath
//android.widget.Button[@text='Get Started']
Locator is identified - XPath
//android.view.View[@text = 'Log In']
xpath
//android.view.View[@text = 'Log In']
Locator is identified - XPath
//android.widget.EditText[@index = 0]
xpath
//android.widget.EditText[@index = 0]
Locator is identified - XPath

//android.widget.EditText[@index = 1]
xpath
//android.widget.EditText[@index = 1]
Locator is identified - XPath

//android.widget.Button[@text = 'Sign in']
xpath
//android.widget.Button[@text = 'Sign in']
Locator is identified - XPath
//android.widget.Button[@text = 'Ok']
xpath
//android.widget.Button[@text = 'Ok']
Locator is identified - XPath
//android.view.View[@text = 'Log In']
xpath
//android.view.View[@text = 'Log In']
Locator is identified - XPath
//android.widget.EditText[@index = 0]
xpath
//android.widget.EditText[@index = 0]
Locator is identified - XPath
jeeva.suriya@gmail.co
//android.widget.EditText[@index = 1]
xpath
//android.widget.EditText[@index = 1]
Locator is identified - XPath
•••••••••••
//android.widget.Button[@text = 'Sign in']
xpath
//android.widget.Button[@text = 'Sign in']
Locator is identified - XPath
//android.widget.EditText[@index=0]
xpath
//android.widget.EditText[@index=0]
Locator is identified - XPath

//android.widget.EditText[@index=1]
xpath
//android.widget.EditText[@index=1]
Locator is identified - XPath

//android.widget.EditText[@index=2]
xpath
//android.widget.EditText[@index=2]
Locator is identified - XPath
Swipe Method Down
2016
1080
coordinates :540  1612 403
//android.widget.Button[@index=2]
xpath
//android.widget.Button[@index=2]
Locator is identified - XPath
Swipe Method Down
2016
1080
coordinates :540  1612 403
//android.widget.RadioButton[@index=3]
xpath
//android.widget.RadioButton[@index=3]
Locator is identified - XPath
//android.view.View[@text = 'Select one']
xpath
//android.view.View[@text = 'Select one']
Locator is identified - XPath
(//android.view.View[@index = 0])[6]
xpath
(//android.view.View[@index = 0])[6]
Locator is identified - XPath
/hierarchy/android.widget.FrameLayout/android.widget.LinearLayout/android.widget.FrameLayout/android.widget.FrameLayout/android.widget.FrameLayout/android.view.View/android.view.View/android.view.View[3]/android.view.View/android.view.View/android.view.View/android.widget.Switch
xpath
/hierarchy/android.widget.FrameLayout/android.widget.LinearLayout/android.widget.FrameLayout/android.widget.FrameLayout/android.widget.FrameLayout/android.view.View/android.view.View/android.view.View[3]/android.view.View/android.view.View/android.view.View/android.widget.Switch
Locator is identified - XPath
/hierarchy/android.widget.FrameLayout/android.widget.LinearLayout/android.widget.FrameLayout/android.widget.FrameLayout/android.widget.FrameLayout/android.view.View/android.view.View/android.view.View[3]/android.view.View/android.view.View/android.view.View/android.widget.CheckBox[1]
xpath
/hierarchy/android.widget.FrameLayout/android.widget.LinearLayout/android.widget.FrameLayout/android.widget.FrameLayout/android.widget.FrameLayout/android.view.View/android.view.View/android.view.View[3]/android.view.View/android.view.View/android.view.View/android.widget.CheckBox[1]
Locator is identified - XPath
/hierarchy/android.widget.FrameLayout/android.widget.LinearLayout/android.widget.FrameLayout/android.widget.FrameLayout/android.widget.FrameLayout/android.view.View/android.view.View/android.view.View[3]/android.view.View/android.view.View/android.view.View/android.widget.CheckBox[2]
xpath
/hierarchy/android.widget.FrameLayout/android.widget.LinearLayout/android.widget.FrameLayout/android.widget.FrameLayout/android.widget.FrameLayout/android.view.View/android.view.View/android.view.View[3]/android.view.View/android.view.View/android.view.View/android.widget.CheckBox[2]
Locator is identified - XPath
//android.widget.Button[@text = 'Create account']
xpath
//android.widget.Button[@text = 'Create account']
Locator is identified - XPath
//android.widget.RadioButton[@index = 0]
xpath
//android.widget.RadioButton[@index = 0]
Locator is identified - XPath
//android.widget.Button[@text='Next']
xpath
//android.widget.Button[@text='Next']
Locator is identified - XPath
//android.view.View[@index = 2]
xpath
//android.view.View[@index = 2]
Locator is identified - XPath
Element is not visible on the screen
Printing Exception
org.openqa.selenium.TimeoutException: Expected condition failed: waiting for visibility of element located by By.xpath: //android.widget.EditText[@text = 'Search all offers'] (tried for 20 second(s) with 500 milliseconds interval)
Test Failed
]]></system-out>
    <system-err><![CDATA[Jun 29, 2020 2:20:58 PM io.appium.java_client.remote.AppiumCommandExecutor$1 lambda$0
INFO: Detected dialect: W3C
]]></system-err>
  </testcase>
  <testcase name="tests.Test_Coupons" classname="tests.Test_Coupons" time="981.307">
    <error message="A session is either terminated or not started&#10;Build info: version: &apos;3.141.59&apos;, revision: &apos;e82be7d358&apos;, time: &apos;2018-11-14T08:17:03&apos;&#10;System info: host: &apos;LAP-LIN-368&apos;, ip: &apos;127.0.1.1&apos;, os.name: &apos;Linux&apos;, os.arch: &apos;amd64&apos;, os.version: &apos;5.3.0-46-generic&apos;, java.version: &apos;1.8.0_252&apos;&#10;Driver info: io.appium.java_client.android.AndroidDriver&#10;Capabilities {BROWSER_NAME: Android, VERSION: 10, appActivity: com.fandomconnect.scorz.Mai..., appPackage: com.buzzconnect.bsa, automationName: UiAutomator2, databaseEnabled: false, desired: {BROWSER_NAME: Android, VERSION: 10, appActivity: com.fandomconnect.scorz.Mai..., appPackage: com.buzzconnect.bsa, automationName: UiAutomator2, deviceName: Mi A2, platformName: android}, deviceApiLevel: 29, deviceManufacturer: Xiaomi, deviceModel: Mi A2, deviceName: 4e02b1a, deviceScreenDensity: 480, deviceScreenSize: 1080x2160, deviceUDID: 4e02b1a, javascriptEnabled: true, locationContextEnabled: false, networkConnectionEnabled: true, pixelRatio: 3, platform: LINUX, platformName: Android, platformVersion: 10, statBarHeight: 72, takesScreenshot: true, viewportRect: {height: 1944, left: 0, top: 72, width: 1080}, warnings: {}, webStorageEnabled: false}&#10;Session ID: 54201a2a-542a-43a7-a0c0-3302aa417d75" type="org.openqa.selenium.NoSuchSessionException">org.openqa.selenium.NoSuchSessionException: 
A session is either terminated or not started
Build info: version: '3.141.59', revision: 'e82be7d358', time: '2018-11-14T08:17:03'
System info: host: 'LAP-LIN-368', ip: '127.0.1.1', os.name: 'Linux', os.arch: 'amd64', os.version: '5.3.0-46-generic', java.version: '1.8.0_252'
Driver info: io.appium.java_client.android.AndroidDriver
Capabilities {BROWSER_NAME: Android, VERSION: 10, appActivity: com.fandomconnect.scorz.Mai..., appPackage: com.buzzconnect.bsa, automationName: UiAutomator2, databaseEnabled: false, desired: {BROWSER_NAME: Android, VERSION: 10, appActivity: com.fandomconnect.scorz.Mai..., appPackage: com.buzzconnect.bsa, automationName: UiAutomator2, deviceName: Mi A2, platformName: android}, deviceApiLevel: 29, deviceManufacturer: Xiaomi, deviceModel: Mi A2, deviceName: 4e02b1a, deviceScreenDensity: 480, deviceScreenSize: 1080x2160, deviceUDID: 4e02b1a, javascriptEnabled: true, locationContextEnabled: false, networkConnectionEnabled: true, pixelRatio: 3, platform: LINUX, platformName: Android, platformVersion: 10, statBarHeight: 72, takesScreenshot: true, viewportRect: {height: 1944, left: 0, top: 72, width: 1080}, warnings: {}, webStorageEnabled: false}
Session ID: 54201a2a-542a-43a7-a0c0-3302aa417d75
	at tests.Test_Coupons.endTest(Test_Coupons.java:104)
</error>
  </testcase>
</testsuite>